Looking in links: /cvmfs/soft.computecanada.ca/custom/python/wheelhouse/gentoo2020/avx2, /cvmfs/soft.computecanada.ca/custom/python/wheelhouse/gentoo/avx2, /cvmfs/soft.computecanada.ca/custom/python/wheelhouse/gentoo2020/generic, /cvmfs/soft.computecanada.ca/custom/python/wheelhouse/gentoo/generic, /cvmfs/soft.computecanada.ca/custom/python/wheelhouse/generic
Requirement already satisfied: torch in /lustre06/project/6084435/ksjoe30/ubc/lib/python3.10/site-packages (2.0.1+computecanada)
Requirement already satisfied: networkx in /lustre06/project/6084435/ksjoe30/ubc/lib/python3.10/site-packages (from torch) (3.1+computecanada)
Requirement already satisfied: sympy in /lustre06/project/6084435/ksjoe30/ubc/lib/python3.10/site-packages (from torch) (1.12+computecanada)
Requirement already satisfied: typing-extensions in /lustre06/project/6084435/ksjoe30/ubc/lib/python3.10/site-packages (from torch) (4.7.1)
Requirement already satisfied: jinja2 in /lustre06/project/6084435/ksjoe30/ubc/lib/python3.10/site-packages (from torch) (3.1.2+computecanada)
Requirement already satisfied: filelock in /lustre06/project/6084435/ksjoe30/ubc/lib/python3.10/site-packages (from torch) (3.12.2)
Requirement already satisfied: MarkupSafe>=2.0 in /lustre06/project/6084435/ksjoe30/ubc/lib/python3.10/site-packages (from jinja2->torch) (2.1.2+computecanada)
Requirement already satisfied: mpmath>=0.19 in /lustre06/project/6084435/ksjoe30/ubc/lib/python3.10/site-packages (from sympy->torch) (1.3.0+computecanada)
Starting script training_SoftmaxLoss.py
*************** Script Started *****************

Namespace(dataset='without_agumentation', sentence_selection='extracted')
*************** Script Started *****************



******* MODEL LOADED ***********
SentenceTransformer(
  (0): Transformer({'max_seq_length': 128, 'do_lower_case': False}) with Transformer model: DistilBertModel 
  (1): Pooling({'word_embedding_dimension': 768, 'pooling_mode_cls_token': False, 'pooling_mode_mean_tokens': True, 'pooling_mode_max_tokens': False, 'pooling_mode_mean_sqrt_len_tokens': False})
)
********************************
******************* load and slice data ********************
Lenght of train set 2237
len of dev_data 560
